<?xml version="1.0" encoding="UTF-8"?>
<!-- Generated by org.testng.reporters.JUnitReportReporter -->
<testsuite hostname="DESKTOP-5B2Q11L" failures="0" tests="1" name="com.selenium.testcases.sampleTestcase" time="14.332" errors="0" timestamp="05 Mar 2022 10:25:13 GMT" skipped="0">
  <testcase classname="com.selenium.testcases.sampleTestcase" name="getPageTitle" time="14.332"/>
</testsuite> <!-- com.selenium.testcases.sampleTestcase -->
