<?xml version="1.0" encoding="UTF-8"?>
<!-- Generated by org.testng.reporters.JUnitReportReporter -->
<testsuite hostname="DESKTOP-5B2Q11L" failures="0" tests="1" name="com.selenium.testcases.sampleTestcase" time="16.021" errors="0" timestamp="05 Mar 2022 11:24:09 GMT" skipped="0">
  <testcase classname="com.selenium.testcases.sampleTestcase" name="getPageTitle" time="16.021"/>
</testsuite> <!-- com.selenium.testcases.sampleTestcase -->
