<?xml version="1.0" encoding="UTF-8"?>
<!-- Generated by org.testng.reporters.JUnitReportReporter -->
<testsuite skipped="0" hostname="DESKTOP-5B2Q11L" name="com.selenium.testcases.sampleTestcase" tests="1" failures="0" timestamp="05 Mar 2022 11:25:32 GMT" time="14.902" errors="0">
  <testcase name="getPageTitle" time="14.902" classname="com.selenium.testcases.sampleTestcase"/>
</testsuite> <!-- com.selenium.testcases.sampleTestcase -->
